[2026-03-07 18:53:56.328] [8107] [HailoRT] [info] [device.cpp:51] [Device] OS Version: Linux 6.12.62+rpt-rpi-2712 #1 SMP PREEMPT Debian 1:6.12.62-1+rpt1 (2025-12-18) aarch64
[2026-03-07 18:53:56.329] [8107] [HailoRT] [info] [control.cpp:113] [control__parse_identify_results] firmware_version is: 4.23.0
[2026-03-07 18:53:56.329] [8107] [HailoRT] [info] [control.cpp:113] [control__parse_identify_results] firmware_version is: 4.23.0
[2026-03-07 19:10:06.532] [3018] [HailoRT] [info] [device.cpp:51] [Device] OS Version: Linux 6.12.62+rpt-rpi-2712 #1 SMP PREEMPT Debian 1:6.12.62-1+rpt1 (2025-12-18) aarch64
[2026-03-07 19:10:06.532] [3018] [HailoRT] [info] [control.cpp:113] [control__parse_identify_results] firmware_version is: 4.23.0
[2026-03-07 19:10:06.533] [3018] [HailoRT] [info] [control.cpp:113] [control__parse_identify_results] firmware_version is: 4.23.0
[2026-03-07 20:00:10.410] [3367] [HailoRT] [info] [device.cpp:51] [Device] OS Version: Linux 6.12.62+rpt-rpi-2712 #1 SMP PREEMPT Debian 1:6.12.62-1+rpt1 (2025-12-18) aarch64
[2026-03-07 20:00:10.410] [3367] [HailoRT] [info] [control.cpp:113] [control__parse_identify_results] firmware_version is: 4.23.0
[2026-03-07 20:00:10.411] [3367] [HailoRT] [info] [control.cpp:113] [control__parse_identify_results] firmware_version is: 4.23.0
[2026-03-07 20:33:35.036] [11627] [HailoRT] [error] [driver_os_specific.cpp:34] [open_device_file] CHECK failed - Failed to open device file /dev/hailo0 with error 6
[2026-03-07 20:33:35.036] [11627] [HailoRT] [error] [hailort_driver.cpp:148] [create] CHECK_SUCCESS failed with status=HAILO_DRIVER_OPERATION_FAILED(36)
[2026-03-07 20:33:35.036] [11627] [HailoRT] [error] [pcie_device.cpp:87] [create] CHECK_SUCCESS failed with status=HAILO_DRIVER_OPERATION_FAILED(36)
[2026-03-07 20:33:35.036] [11627] [HailoRT] [error] [device.cpp:130] [create_pcie] CHECK_SUCCESS failed with status=HAILO_DRIVER_OPERATION_FAILED(36)
[2026-03-07 20:38:44.541] [1295] [HailoRT] [info] [device.cpp:51] [Device] OS Version: Linux 6.12.62+rpt-rpi-2712 #1 SMP PREEMPT Debian 1:6.12.62-1+rpt1 (2025-12-18) aarch64
[2026-03-07 20:38:44.544] [1295] [HailoRT] [info] [control.cpp:113] [control__parse_identify_results] firmware_version is: 4.23.0
[2026-03-07 20:38:44.544] [1295] [HailoRT] [info] [control.cpp:113] [control__parse_identify_results] firmware_version is: 4.23.0
[2026-03-07 23:56:28.243] [8940] [HailoRT] [info] [device.cpp:51] [Device] OS Version: Linux 6.12.62+rpt-rpi-2712 #1 SMP PREEMPT Debian 1:6.12.62-1+rpt1 (2025-12-18) aarch64
[2026-03-07 23:56:28.243] [8940] [HailoRT] [info] [control.cpp:113] [control__parse_identify_results] firmware_version is: 4.23.0
[2026-03-07 23:56:28.244] [8940] [HailoRT] [info] [control.cpp:113] [control__parse_identify_results] firmware_version is: 4.23.0
[2026-03-08 05:41:18.914] [42345] [HailoRT] [info] [device.cpp:51] [Device] OS Version: Linux 6.12.62+rpt-rpi-2712 #1 SMP PREEMPT Debian 1:6.12.62-1+rpt1 (2025-12-18) aarch64
[2026-03-08 05:41:18.915] [42345] [HailoRT] [info] [control.cpp:113] [control__parse_identify_results] firmware_version is: 4.23.0
[2026-03-08 05:41:18.915] [42345] [HailoRT] [info] [control.cpp:113] [control__parse_identify_results] firmware_version is: 4.23.0
